2024-08-11 00:34:52 [JavaFX Application Thread] INFO  - Ejecutando Aplicacion
2024-08-11 00:34:58 [JavaFX Application Thread] INFO  - Cargando pagina: C:\Users\hugoq\Documents\android-tool\layout\content\FilesPage.fxml
2024-08-11 00:35:30 [JavaFX Application Thread] INFO  - Cargando pagina: C:\Users\hugoq\Documents\android-tool\layout\content\AppsPage.fxml
2024-08-11 00:35:31 [Thread-9] INFO  - emulator-5554 | Cargando Aplicaciones de dispositivo.
2024-08-11 00:35:44 [JavaFX Application Thread] INFO  - Cargando pagina: C:\Users\hugoq\Documents\android-tool\layout\content\ContactsPage.fxml
2024-08-11 00:35:44 [Thread-10] INFO  - Extrallendo contactos de emulator-5554
2024-08-11 00:35:48 [JavaFX Application Thread] INFO  - Cargando pagina: C:\Users\hugoq\Documents\android-tool\layout\content\MenuPage.fxml
2024-08-11 00:36:25 [JavaFX Application Thread] INFO  - Cargando pagina: C:\Users\hugoq\Documents\android-tool\layout\content\FilesPage.fxml
2024-08-11 00:38:37 [JavaFX Application Thread] INFO  - Cargando pagina: C:\Users\hugoq\Documents\android-tool\layout\content\AppsPage.fxml
2024-08-11 00:38:37 [Thread-17] INFO  - emulator-5554 | Cargando Aplicaciones de dispositivo.
2024-08-11 00:38:38 [JavaFX Application Thread] INFO  - Cargando pagina: C:\Users\hugoq\Documents\android-tool\layout\content\ContactsPage.fxml
2024-08-11 00:38:38 [Thread-18] INFO  - Extrallendo contactos de emulator-5554
2024-08-11 00:38:40 [JavaFX Application Thread] INFO  - Cargando pagina: C:\Users\hugoq\Documents\android-tool\layout\content\MenuPage.fxml
2024-08-11 00:42:43 [JavaFX Application Thread] INFO  - Ejecutando Aplicacion
2024-08-11 00:42:45 [JavaFX Application Thread] INFO  - Cargando pagina: C:\Users\hugoq\Documents\android-tool\layout\content\FilesPage.fxml
2024-08-11 00:45:18 [JavaFX Application Thread] INFO  - Ejecutando Aplicacion
2024-08-11 00:45:23 [JavaFX Application Thread] INFO  - Cargando pagina: C:\Users\hugoq\Documents\android-tool\layout\content\FilesPage.fxml
2024-08-11 01:08:30 [JavaFX Application Thread] INFO  - Ejecutando Aplicacion
2024-08-11 01:08:32 [JavaFX Application Thread] INFO  - Cargando pagina: C:\Users\hugoq\Documents\android-tool\layout\content\FilesPage.fxml
2024-08-11 01:09:12 [JavaFX Application Thread] INFO  - Ejecutando Aplicacion
2024-08-11 01:09:15 [JavaFX Application Thread] INFO  - Cargando pagina: C:\Users\hugoq\Documents\android-tool\layout\content\FilesPage.fxml
2024-08-11 01:10:05 [JavaFX Application Thread] INFO  - Ejecutando Aplicacion
2024-08-11 01:10:07 [JavaFX Application Thread] INFO  - Cargando pagina: C:\Users\hugoq\Documents\android-tool\layout\content\FilesPage.fxml
2024-08-11 01:10:23 [JavaFX Application Thread] INFO  - Ejecutando Aplicacion
2024-08-11 01:10:27 [JavaFX Application Thread] INFO  - Cargando pagina: C:\Users\hugoq\Documents\android-tool\layout\content\FilesPage.fxml
2024-08-11 01:11:49 [JavaFX Application Thread] INFO  - Ejecutando Aplicacion
2024-08-11 01:11:54 [JavaFX Application Thread] INFO  - Cargando pagina: C:\Users\hugoq\Documents\android-tool\layout\content\FilesPage.fxml
2024-08-11 01:12:22 [JavaFX Application Thread] INFO  - emulator-5554 | Permisos denegados para /storage/emulated/0/Android/data/
2024-08-11 01:12:42 [JavaFX Application Thread] INFO  - Ejecutando Aplicacion
2024-08-11 01:12:48 [JavaFX Application Thread] INFO  - Cargando pagina: C:\Users\hugoq\Documents\android-tool\layout\content\FilesPage.fxml
2024-08-11 01:12:55 [JavaFX Application Thread] INFO  - emulator-5554 | Permisos denegados para /storage/emulated/0/Android/data/
2024-08-11 01:12:59 [JavaFX Application Thread] INFO  - emulator-5554 | Permisos denegados para /storage/emulated/0/Android/obb/
2024-08-11 01:13:11 [JavaFX Application Thread] INFO  - emulator-5554 | Permisos denegados para /config/
2024-08-11 01:13:15 [JavaFX Application Thread] INFO  - emulator-5554 | Permisos denegados para /data/
2024-08-11 01:13:19 [JavaFX Application Thread] INFO  - emulator-5554 | Permisos denegados para /acct/uid_10091/
